# JRE version: OpenJDK Runtime Environment (17.0.6) (build 17.0.6+0-b2043.56-9586694)
# Java VM: OpenJDK 64-Bit Server VM (17.0.6+0-b2043.56-9586694, mixed mode, tiered, compressed oops, compressed class ptrs, g1 gc, windows-amd64)
GC Precious Log:
 CPUs: 8 total, 8 available
 Memory: 7975M
 Large Page Support: Disabled
 NUMA Support: Disabled
 Compressed Oops: Enabled (32-bit)
 Heap Region Size: 1M
 Heap Min Capacity: 8M
 Heap Initial Capacity: 126M
 Heap Max Capacity: 1994M
 Pre-touch: Disabled
 Parallel Workers: 8
 Concurrent Workers: 2
 Concurrent Refinement Workers: 8
 Periodic GC: Disabled
Heap:
 garbage-first heap   total 75776K, used 45363K [0x0000000083600000, 0x0000000100000000)
  region size 1024K, 13 young (13312K), 2 survivors (2048K)
 Metaspace       used 51041K, committed 51264K, reserved 1097728K
  class space    used 6134K, committed 6272K, reserved 1048576K
GC Heap History (20 events):
Event: 2.410 GC heap before
{Heap before GC invocations=4 (full 0):
 garbage-first heap   total 37888K, used 14254K [0x0000000083600000, 0x0000000100000000)
  region size 1024K, 3 young (3072K), 2 survivors (2048K)
 Metaspace       used 27191K, committed 27456K, reserved 1081344K
  class space    used 2986K, committed 3072K, reserved 1048576K
}
Event: 2.413 GC heap after
{Heap after GC invocations=5 (full 0):
 garbage-first heap   total 37888K, used 14522K [0x0000000083600000, 0x0000000100000000)
  region size 1024K, 1 young (1024K), 1 survivors (1024K)
 Metaspace       used 27191K, committed 27456K, reserved 1081344K
  class space    used 2986K, committed 3072K, reserved 1048576K
}
Event: 2.914 GC heap before
{Heap before GC invocations=5 (full 0):
 garbage-first heap   total 37888K, used 27834K [0x0000000083600000, 0x0000000100000000)
  region size 1024K, 14 young (14336K), 1 survivors (1024K)
 Metaspace       used 31081K, committed 31360K, reserved 1081344K
  class space    used 3776K, committed 3904K, reserved 1048576K
}
Event: 2.918 GC heap after
{Heap after GC invocations=6 (full 0):
 garbage-first heap   total 37888K, used 15596K [0x0000000083600000, 0x0000000100000000)
  region size 1024K, 2 young (2048K), 2 survivors (2048K)
 Metaspace       used 31081K, committed 31360K, reserved 1081344K
  class space    used 3776K, committed 3904K, reserved 1048576K
}
Event: 3.256 GC heap before
{Heap before GC invocations=6 (full 0):
 garbage-first heap   total 37888K, used 29932K [0x0000000083600000, 0x0000000100000000)
  region size 1024K, 15 young (15360K), 2 survivors (2048K)
 Metaspace       used 32321K, committed 32512K, reserved 1081344K
  class space    used 4094K, committed 4160K, reserved 1048576K
}
Event: 3.266 GC heap after
{Heap after GC invocations=7 (full 0):
 garbage-first heap   total 37888K, used 20882K [0x0000000083600000, 0x0000000100000000)
  region size 1024K, 2 young (2048K), 2 survivors (2048K)
 Metaspace       used 32321K, committed 32512K, reserved 1081344K
  class space    used 4094K, committed 4160K, reserved 1048576K
}
Event: 3.507 GC heap before
{Heap before GC invocations=7 (full 0):
 garbage-first heap   total 37888K, used 28050K [0x0000000083600000, 0x0000000100000000)
  region size 1024K, 10 young (10240K), 2 survivors (2048K)
 Metaspace       used 34669K, committed 34880K, reserved 1081344K
  class space    used 4397K, committed 4480K, reserved 1048576K
}
Event: 3.512 GC heap after
{Heap after GC invocations=8 (full 0):
 garbage-first heap   total 37888K, used 21337K [0x0000000083600000, 0x0000000100000000)
  region size 1024K, 1 young (1024K), 1 survivors (1024K)
 Metaspace       used 34669K, committed 34880K, reserved 1081344K
  class space    used 4397K, committed 4480K, reserved 1048576K
}
Event: 3.703 GC heap before
{Heap before GC invocations=9 (full 0):
 garbage-first heap   total 39936K, used 27481K [0x0000000083600000, 0x0000000100000000)
  region size 1024K, 8 young (8192K), 1 survivors (1024K)
 Metaspace       used 35788K, committed 35968K, reserved 1081344K
  class space    used 4529K, committed 4608K, reserved 1048576K
}
Event: 3.707 GC heap after
{Heap after GC invocations=10 (full 0):
 garbage-first heap   total 39936K, used 20666K [0x0000000083600000, 0x0000000100000000)
  region size 1024K, 1 young (1024K), 1 survivors (1024K)
 Metaspace       used 35788K, committed 35968K, reserved 1081344K
  class space    used 4529K, committed 4608K, reserved 1048576K
}
Event: 3.915 GC heap before
{Heap before GC invocations=10 (full 0):
 garbage-first heap   total 39936K, used 29882K [0x0000000083600000, 0x0000000100000000)
  region size 1024K, 10 young (10240K), 1 survivors (1024K)
 Metaspace       used 37644K, committed 37888K, reserved 1089536K
  class space    used 4755K, committed 4864K, reserved 1048576K
}
Event: 3.919 GC heap after
{Heap after GC invocations=11 (full 0):
 garbage-first heap   total 62464K, used 21690K [0x0000000083600000, 0x0000000100000000)
  region size 1024K, 2 young (2048K), 2 survivors (2048K)
 Metaspace       used 37644K, committed 37888K, reserved 1089536K
  class space    used 4755K, committed 4864K, reserved 1048576K
}
Event: 4.552 GC heap before
{Heap before GC invocations=12 (full 0):
 garbage-first heap   total 62464K, used 45242K [0x0000000083600000, 0x0000000100000000)
  region size 1024K, 26 young (26624K), 2 survivors (2048K)
 Metaspace       used 42608K, committed 42816K, reserved 1089536K
  class space    used 5219K, committed 5312K, reserved 1048576K
}
Event: 4.558 GC heap after
{Heap after GC invocations=13 (full 0):
 garbage-first heap   total 62464K, used 23738K [0x0000000083600000, 0x0000000100000000)
  region size 1024K, 4 young (4096K), 4 survivors (4096K)
 Metaspace       used 42608K, committed 42816K, reserved 1089536K
  class space    used 5219K, committed 5312K, reserved 1048576K
}
Event: 5.496 GC heap before
{Heap before GC invocations=13 (full 0):
 garbage-first heap   total 62464K, used 48314K [0x0000000083600000, 0x0000000100000000)
  region size 1024K, 27 young (27648K), 4 survivors (4096K)
 Metaspace       used 47689K, committed 47936K, reserved 1097728K
  class space    used 5788K, committed 5952K, reserved 1048576K
}
Event: 5.506 GC heap after
{Heap after GC invocations=14 (full 0):
 garbage-first heap   total 62464K, used 29419K [0x0000000083600000, 0x0000000100000000)
  region size 1024K, 4 young (4096K), 4 survivors (4096K)
 Metaspace       used 47689K, committed 47936K, reserved 1097728K
  class space    used 5788K, committed 5952K, reserved 1048576K
}
Event: 6.074 GC heap before
{Heap before GC invocations=14 (full 0):
 garbage-first heap   total 62464K, used 47851K [0x0000000083600000, 0x0000000100000000)
  region size 1024K, 21 young (21504K), 4 survivors (4096K)
 Metaspace       used 49299K, committed 49600K, reserved 1097728K
  class space    used 5927K, committed 6080K, reserved 1048576K
}
Event: 6.083 GC heap after
{Heap after GC invocations=15 (full 0):
 garbage-first heap   total 62464K, used 33039K [0x0000000083600000, 0x0000000100000000)
  region size 1024K, 3 young (3072K), 3 survivors (3072K)
 Metaspace       used 49299K, committed 49600K, reserved 1097728K
  class space    used 5927K, committed 6080K, reserved 1048576K
}
Event: 6.236 GC heap before
{Heap before GC invocations=15 (full 0):
 garbage-first heap   total 62464K, used 47375K [0x0000000083600000, 0x0000000100000000)
  region size 1024K, 17 young (17408K), 3 survivors (3072K)
 Metaspace       used 49370K, committed 49664K, reserved 1097728K
  class space    used 5927K, committed 6080K, reserved 1048576K
}
Event: 6.243 GC heap after
{Heap after GC invocations=16 (full 0):
 garbage-first heap   total 75776K, used 35123K [0x0000000083600000, 0x0000000100000000)
  region size 1024K, 2 young (2048K), 2 survivors (2048K)
 Metaspace       used 49370K, committed 49664K, reserved 1097728K
  class space    used 5927K, committed 6080K, reserved 1048576K
}

